[INFO] Scanning for projects...
[INFO] 
[INFO] -----------------------< org.example:sellsight >------------------------
[INFO] Building SellSight 0.0.1-SNAPSHOT
[INFO]   from pom.xml
[INFO] --------------------------------[ jar ]---------------------------------
[INFO] 
[INFO] >>> spring-boot:4.0.5:run (default-cli) > test-compile @ sellsight >>>
[INFO] 
[INFO] --- resources:3.3.1:resources (default-resources) @ sellsight ---
[INFO] Copying 2 resources from src/main/resources to target/classes
[INFO] Copying 17 resources from src/main/resources to target/classes
[INFO] 
[INFO] --- compiler:3.14.1:compile (default-compile) @ sellsight ---
[INFO] Recompiling the module because of changed source code.
[INFO] Compiling 278 source files with javac [debug parameters release 21] to target/classes
[INFO] -------------------------------------------------------------
[WARNING] COMPILATION WARNING : 
[INFO] -------------------------------------------------------------
[WARNING] The following options were not recognized by any processor: '[mapstruct.defaultComponentModel]'
[INFO] 1 warning
[INFO] -------------------------------------------------------------
[INFO] -------------------------------------------------------------
[ERROR] COMPILATION ERROR : 
[INFO] -------------------------------------------------------------
[ERROR] /workspaces/SellSight/src/main/java/org/example/sellsight/product/application/usecase/CreateProductUseCase.java:[13,62] package org.example.sellsight.product.infrastructure.embedding does not exist
[ERROR] /workspaces/SellSight/src/main/java/org/example/sellsight/product/application/usecase/CreateProductUseCase.java:[31,19] cannot find symbol
  symbol:   class ProductEmbeddingService
  location: class org.example.sellsight.product.application.usecase.CreateProductUseCase
[ERROR] /workspaces/SellSight/src/main/java/org/example/sellsight/product/application/usecase/CreateProductUseCase.java:[35,33] cannot find symbol
  symbol:   class ProductEmbeddingService
  location: class org.example.sellsight.product.application.usecase.CreateProductUseCase
[ERROR] /workspaces/SellSight/src/main/java/org/example/sellsight/product/application/usecase/SearchProductsUseCase.java:[10,49] package org.example.sellsight.product.domain.port does not exist
[ERROR] /workspaces/SellSight/src/main/java/org/example/sellsight/product/application/usecase/SearchProductsUseCase.java:[29,19] cannot find symbol
  symbol:   class EmbeddingPort
  location: class org.example.sellsight.product.application.usecase.SearchProductsUseCase
[ERROR] /workspaces/SellSight/src/main/java/org/example/sellsight/product/application/usecase/SearchProductsUseCase.java:[33,35] cannot find symbol
  symbol:   class EmbeddingPort
  location: class org.example.sellsight.product.application.usecase.SearchProductsUseCase
[ERROR] /workspaces/SellSight/src/main/java/org/example/sellsight/product/application/usecase/UpdateProductUseCase.java:[12,62] package org.example.sellsight.product.infrastructure.embedding does not exist
[ERROR] /workspaces/SellSight/src/main/java/org/example/sellsight/product/application/usecase/UpdateProductUseCase.java:[29,19] cannot find symbol
  symbol:   class ProductEmbeddingService
  location: class org.example.sellsight.product.application.usecase.UpdateProductUseCase
[ERROR] /workspaces/SellSight/src/main/java/org/example/sellsight/product/application/usecase/UpdateProductUseCase.java:[32,34] cannot find symbol
  symbol:   class ProductEmbeddingService
  location: class org.example.sellsight.product.application.usecase.UpdateProductUseCase
[INFO] 9 errors 
[INFO] -------------------------------------------------------------
[INFO] ------------------------------------------------------------------------
[INFO] BUILD FAILURE
[INFO] ------------------------------------------------------------------------
[INFO] Total time:  19.565 s
[INFO] Finished at: 2026-04-28T14:24:42Z
[INFO] ------------------------------------------------------------------------
[ERROR] Failed to execute goal org.apache.maven.plugins:maven-compiler-plugin:3.14.1:compile (default-compile) on project sellsight: Compilation failure: Compilation failure: 
[ERROR] /workspaces/SellSight/src/main/java/org/example/sellsight/product/application/usecase/CreateProductUseCase.java:[13,62] package org.example.sellsight.product.infrastructure.embedding does not exist
[ERROR] /workspaces/SellSight/src/main/java/org/example/sellsight/product/application/usecase/CreateProductUseCase.java:[31,19] cannot find symbol
[ERROR]   symbol:   class ProductEmbeddingService
[ERROR]   location: class org.example.sellsight.product.application.usecase.CreateProductUseCase
[ERROR] /workspaces/SellSight/src/main/java/org/example/sellsight/product/application/usecase/CreateProductUseCase.java:[35,33] cannot find symbol
[ERROR]   symbol:   class ProductEmbeddingService
[ERROR]   location: class org.example.sellsight.product.application.usecase.CreateProductUseCase
[ERROR] /workspaces/SellSight/src/main/java/org/example/sellsight/product/application/usecase/SearchProductsUseCase.java:[10,49] package org.example.sellsight.product.domain.port does not exist
[ERROR] /workspaces/SellSight/src/main/java/org/example/sellsight/product/application/usecase/SearchProductsUseCase.java:[29,19] cannot find symbol
[ERROR]   symbol:   class EmbeddingPort
[ERROR]   location: class org.example.sellsight.product.application.usecase.SearchProductsUseCase
[ERROR] /workspaces/SellSight/src/main/java/org/example/sellsight/product/application/usecase/SearchProductsUseCase.java:[33,35] cannot find symbol
[ERROR]   symbol:   class EmbeddingPort
[ERROR]   location: class org.example.sellsight.product.application.usecase.SearchProductsUseCase
[ERROR] /workspaces/SellSight/src/main/java/org/example/sellsight/product/application/usecase/UpdateProductUseCase.java:[12,62] package org.example.sellsight.product.infrastructure.embedding does not exist
[ERROR] /workspaces/SellSight/src/main/java/org/example/sellsight/product/application/usecase/UpdateProductUseCase.java:[29,19] cannot find symbol
[ERROR]   symbol:   class ProductEmbeddingService
[ERROR]   location: class org.example.sellsight.product.application.usecase.UpdateProductUseCase
[ERROR] /workspaces/SellSight/src/main/java/org/example/sellsight/product/application/usecase/UpdateProductUseCase.java:[32,34] cannot find symbol
[ERROR]   symbol:   class ProductEmbeddingService
[ERROR]   location: class org.example.sellsight.product.application.usecase.UpdateProductUseCase
[ERROR] -> [Help 1]
[ERROR] 
[ERROR] To see the full stack trace of the errors, re-run Maven with the -e switch.
[ERROR] Re-run Maven using the -X switch to enable full debug logging.
[ERROR] 
[ERROR] For more information about the errors and possible solutions, please read the following articles:
[ERROR] [Help 1] http://cwiki.apache.org/confluence/display/MAVEN/MojoFailureException
